<?xml version="1.0" encoding="UTF-8"?>
<!-- Generated by org.testng.reporters.JUnitXMLReporter -->
<testsuite ignored="0" hostname="DESKTOP-FNTF1MH" failures="0" tests="3" name="Default test" time="5.381" errors="0" timestamp="2021-06-04T21:32:21 IST">
  <testcase classname="testcases.BookFlight" name="findFlight" time="1.017"/>
  <testcase classname="testcases.BookFlight" name="bookFlight" time="0.674"/>
  <testcase classname="testcases.BookFlight" name="confirmFlight" time="1.55"/>
</testsuite> <!-- Default test -->
