<?xml version="1.0" encoding="UTF-8"?>
<!-- Generated by org.testng.reporters.JUnitXMLReporter -->
<testsuite ignored="0" hostname="DESKTOP-FNTF1MH" failures="1" tests="3" name="FlightReservationTest" time="10.811" errors="0" timestamp="2021-06-04T21:12:56 IST">
  <testcase classname="testcases.BookFlight3" name="findFlight" time="1.159"/>
  <testcase classname="testcases.BookFlight3" name="chooseFlight" time="0.618"/>
  <testcase classname="testcases.BookFlight3" name="purchaseFlight" time="1.743">
    <failure type="junit.framework.AssertionFailedError" message="Flight not confirmed sucessfully.">
      <![CDATA[junit.framework.AssertionFailedError: Flight not confirmed sucessfully.
at junit.framework.Assert.fail(Assert.java:47)
at junit.framework.Assert.assertTrue(Assert.java:20)
at testcases.BookFlight3.purchaseFlight(BookFlight3.java:82)
at java.base/java.util.ArrayList.forEach(ArrayList.java:1511)
... Removed 27 stack frames]]>
    </failure>
  </testcase> <!-- purchaseFlight -->
</testsuite> <!-- FlightReservationTest -->
