<?xml version="1.0" encoding="UTF-8"?>
<testng-results ignored="0" total="3" passed="3" failed="0" skipped="0">
  <reporter-output>
  </reporter-output>
  <suite started-at="2021-06-04T21:32:15 IST" name="Default suite" finished-at="2021-06-04T21:32:21 IST" duration-ms="5381">
    <groups>
    </groups>
    <test started-at="2021-06-04T21:32:15 IST" name="Default test" finished-at="2021-06-04T21:32:21 IST" duration-ms="5381">
      <class name="testcases.BookFlight">
        <test-method is-config="true" signature="beforeClass()[pri:0, instance:testcases.BookFlight@2ce86164]" started-at="2021-06-04T21:32:15 IST" name="beforeClass" finished-at="2021-06-04T21:32:17 IST" duration-ms="2023" status="PASS">
          <reporter-output>
          </reporter-output>
        </test-method> <!-- beforeClass -->
        <test-method signature="findFlight()[pri:0, instance:testcases.BookFlight@2ce86164]" started-at="2021-06-04T21:32:17 IST" name="findFlight" finished-at="2021-06-04T21:32:18 IST" duration-ms="1017" status="PASS">
          <reporter-output>
          </reporter-output>
        </test-method> <!-- findFlight -->
        <test-method signature="bookFlight()[pri:0, instance:testcases.BookFlight@2ce86164]" started-at="2021-06-04T21:32:18 IST" name="bookFlight" finished-at="2021-06-04T21:32:19 IST" depends-on-methods="testcases.BookFlight.findFlight" duration-ms="674" status="PASS">
          <reporter-output>
          </reporter-output>
        </test-method> <!-- bookFlight -->
        <test-method signature="confirmFlight()[pri:1, instance:testcases.BookFlight@2ce86164]" started-at="2021-06-04T21:32:19 IST" name="confirmFlight" finished-at="2021-06-04T21:32:21 IST" depends-on-methods="testcases.BookFlight.bookFlight" duration-ms="1550" status="PASS">
          <reporter-output>
          </reporter-output>
        </test-method> <!-- confirmFlight -->
        <test-method is-config="true" signature="afterClass()[pri:0, instance:testcases.BookFlight@2ce86164]" started-at="2021-06-04T21:32:21 IST" name="afterClass" finished-at="2021-06-04T21:32:21 IST" duration-ms="71" status="PASS">
          <reporter-output>
          </reporter-output>
        </test-method> <!-- afterClass -->
      </class> <!-- testcases.BookFlight -->
    </test> <!-- Default test -->
  </suite> <!-- Default suite -->
</testng-results>
